# JRE version: OpenJDK Runtime Environment Microsoft-8035246 (17.0.8+7) (build 17.0.8+7-LTS)
# Java VM: OpenJDK 64-Bit Server VM Microsoft-8035246 (17.0.8+7-LTS, mixed mode, sharing, tiered, compressed oops, compressed class ptrs, g1 gc, windows-amd64)
GC Precious Log:
 CPUs: 4 total, 4 available
 Memory: 16382M
 Large Page Support: Disabled
 NUMA Support: Disabled
 Compressed Oops: Enabled (32-bit)
 Heap Region Size: 1M
 Heap Min Capacity: 8M
 Heap Initial Capacity: 256M
 Heap Max Capacity: 2G
 Pre-touch: Disabled
 Parallel Workers: 4
 Concurrent Workers: 1
 Concurrent Refinement Workers: 4
 Periodic GC: Disabled
Heap:
 garbage-first heap   total 380928K, used 280540K [0x0000000080000000, 0x0000000100000000)
  region size 1024K, 77 young (78848K), 6 survivors (6144K)
 Metaspace       used 108811K, committed 109952K, reserved 557056K
  class space    used 15219K, committed 15744K, reserved 425984K
GC Heap History (20 events):
Event: 32.642 GC heap before
{Heap before GC invocations=42 (full 0):
 garbage-first heap   total 305152K, used 207864K [0x0000000080000000, 0x0000000100000000)
  region size 1024K, 116 young (118784K), 1 survivors (1024K)
 Metaspace       used 82535K, committed 83392K, reserved 557056K
  class space    used 11561K, committed 11968K, reserved 425984K
}
Event: 32.653 GC heap after
{Heap after GC invocations=43 (full 0):
 garbage-first heap   total 305152K, used 96578K [0x0000000080000000, 0x0000000100000000)
  region size 1024K, 7 young (7168K), 7 survivors (7168K)
 Metaspace       used 82535K, committed 83392K, reserved 557056K
  class space    used 11561K, committed 11968K, reserved 425984K
}
Event: 34.492 GC heap before
{Heap before GC invocations=43 (full 0):
 garbage-first heap   total 305152K, used 218434K [0x0000000080000000, 0x0000000100000000)
  region size 1024K, 125 young (128000K), 7 survivors (7168K)
 Metaspace       used 90382K, committed 91264K, reserved 557056K
  class space    used 12829K, committed 13248K, reserved 425984K
}
Event: 34.507 GC heap after
{Heap after GC invocations=44 (full 0):
 garbage-first heap   total 305152K, used 102206K [0x0000000080000000, 0x0000000100000000)
  region size 1024K, 13 young (13312K), 13 survivors (13312K)
 Metaspace       used 90382K, committed 91264K, reserved 557056K
  class space    used 12829K, committed 13248K, reserved 425984K
}
Event: 38.264 GC heap before
{Heap before GC invocations=44 (full 0):
 garbage-first heap   total 305152K, used 233278K [0x0000000080000000, 0x0000000100000000)
  region size 1024K, 133 young (136192K), 13 survivors (13312K)
 Metaspace       used 94317K, committed 95232K, reserved 557056K
  class space    used 13307K, committed 13760K, reserved 425984K
}
Event: 38.296 GC heap after
{Heap after GC invocations=45 (full 0):
 garbage-first heap   total 305152K, used 133322K [0x0000000080000000, 0x0000000100000000)
  region size 1024K, 17 young (17408K), 17 survivors (17408K)
 Metaspace       used 94317K, committed 95232K, reserved 557056K
  class space    used 13307K, committed 13760K, reserved 425984K
}
Event: 40.221 GC heap before
{Heap before GC invocations=45 (full 0):
 garbage-first heap   total 305152K, used 231626K [0x0000000080000000, 0x0000000100000000)
  region size 1024K, 111 young (113664K), 17 survivors (17408K)
 Metaspace       used 97557K, committed 98624K, reserved 557056K
  class space    used 13777K, committed 14272K, reserved 425984K
}
Event: 40.247 GC heap after
{Heap after GC invocations=46 (full 0):
 garbage-first heap   total 305152K, used 148992K [0x0000000080000000, 0x0000000100000000)
  region size 1024K, 12 young (12288K), 12 survivors (12288K)
 Metaspace       used 97557K, committed 98624K, reserved 557056K
  class space    used 13777K, committed 14272K, reserved 425984K
}
Event: 41.288 GC heap before
{Heap before GC invocations=46 (full 0):
 garbage-first heap   total 305152K, used 236032K [0x0000000080000000, 0x0000000100000000)
  region size 1024K, 97 young (99328K), 12 survivors (12288K)
 Metaspace       used 101639K, committed 102720K, reserved 557056K
  class space    used 14337K, committed 14848K, reserved 425984K
}
Event: 41.311 GC heap after
{Heap after GC invocations=47 (full 0):
 garbage-first heap   total 305152K, used 155648K [0x0000000080000000, 0x0000000100000000)
  region size 1024K, 7 young (7168K), 7 survivors (7168K)
 Metaspace       used 101639K, committed 102720K, reserved 557056K
  class space    used 14337K, committed 14848K, reserved 425984K
}
Event: 41.997 GC heap before
{Heap before GC invocations=47 (full 0):
 garbage-first heap   total 305152K, used 241664K [0x0000000080000000, 0x0000000100000000)
  region size 1024K, 91 young (93184K), 7 survivors (7168K)
 Metaspace       used 102114K, committed 103168K, reserved 557056K
  class space    used 14379K, committed 14848K, reserved 425984K
}
Event: 42.024 GC heap after
{Heap after GC invocations=48 (full 0):
 garbage-first heap   total 305152K, used 169984K [0x0000000080000000, 0x0000000100000000)
  region size 1024K, 12 young (12288K), 12 survivors (12288K)
 Metaspace       used 102114K, committed 103168K, reserved 557056K
  class space    used 14379K, committed 14848K, reserved 425984K
}
Event: 43.663 GC heap before
{Heap before GC invocations=48 (full 0):
 garbage-first heap   total 305152K, used 245760K [0x0000000080000000, 0x0000000100000000)
  region size 1024K, 84 young (86016K), 12 survivors (12288K)
 Metaspace       used 102820K, committed 103936K, reserved 557056K
  class space    used 14454K, committed 14976K, reserved 425984K
}
Event: 43.694 GC heap after
{Heap after GC invocations=49 (full 0):
 garbage-first heap   total 305152K, used 184771K [0x0000000080000000, 0x0000000100000000)
  region size 1024K, 11 young (11264K), 11 survivors (11264K)
 Metaspace       used 102820K, committed 103936K, reserved 557056K
  class space    used 14454K, committed 14976K, reserved 425984K
}
Event: 44.856 GC heap before
{Heap before GC invocations=49 (full 0):
 garbage-first heap   total 305152K, used 248259K [0x0000000080000000, 0x0000000100000000)
  region size 1024K, 72 young (73728K), 11 survivors (11264K)
 Metaspace       used 104452K, committed 105664K, reserved 557056K
  class space    used 14678K, committed 15232K, reserved 425984K
}
Event: 44.887 GC heap after
{Heap after GC invocations=50 (full 0):
 garbage-first heap   total 305152K, used 196608K [0x0000000080000000, 0x0000000100000000)
  region size 1024K, 9 young (9216K), 9 survivors (9216K)
 Metaspace       used 104452K, committed 105664K, reserved 557056K
  class space    used 14678K, committed 15232K, reserved 425984K
}
Event: 45.968 GC heap before
{Heap before GC invocations=50 (full 0):
 garbage-first heap   total 305152K, used 250880K [0x0000000080000000, 0x0000000100000000)
  region size 1024K, 62 young (63488K), 9 survivors (9216K)
 Metaspace       used 107682K, committed 108800K, reserved 557056K
  class space    used 15118K, committed 15616K, reserved 425984K
}
Event: 45.999 GC heap after
{Heap after GC invocations=51 (full 0):
 garbage-first heap   total 305152K, used 203776K [0x0000000080000000, 0x0000000100000000)
  region size 1024K, 6 young (6144K), 6 survivors (6144K)
 Metaspace       used 107682K, committed 108800K, reserved 557056K
  class space    used 15118K, committed 15616K, reserved 425984K
}
Event: 46.578 GC heap before
{Heap before GC invocations=51 (full 0):
 garbage-first heap   total 305152K, used 253952K [0x0000000080000000, 0x0000000100000000)
  region size 1024K, 55 young (56320K), 6 survivors (6144K)
 Metaspace       used 108281K, committed 109440K, reserved 557056K
  class space    used 15167K, committed 15680K, reserved 425984K
}
Event: 46.609 GC heap after
{Heap after GC invocations=52 (full 0):
 garbage-first heap   total 380928K, used 209884K [0x0000000080000000, 0x0000000100000000)
  region size 1024K, 6 young (6144K), 6 survivors (6144K)
 Metaspace       used 108281K, committed 109440K, reserved 557056K
  class space    used 15167K, committed 15680K, reserved 425984K
}

