# JRE version: OpenJDK Runtime Environment Microsoft-8035246 (17.0.8+7) (build 17.0.8+7-LTS)
# Java VM: OpenJDK 64-Bit Server VM Microsoft-8035246 (17.0.8+7-LTS, mixed mode, sharing, tiered, compressed oops, compressed class ptrs, g1 gc, windows-amd64)
GC Precious Log:
 CPUs: 4 total, 4 available
 Memory: 16382M
 Large Page Support: Disabled
 NUMA Support: Disabled
 Compressed Oops: Enabled (32-bit)
 Heap Region Size: 1M
 Heap Min Capacity: 8M
 Heap Initial Capacity: 256M
 Heap Max Capacity: 2G
 Pre-touch: Disabled
 Parallel Workers: 4
 Concurrent Workers: 1
 Concurrent Refinement Workers: 4
 Periodic GC: Disabled
Heap:
 garbage-first heap   total 353280K, used 284672K [0x0000000080000000, 0x0000000100000000)
  region size 1024K, 87 young (89088K), 12 survivors (12288K)
 Metaspace       used 108857K, committed 110144K, reserved 557056K
  class space    used 15211K, committed 15808K, reserved 425984K
GC Heap History (20 events):
Event: 39.179 GC heap before
{Heap before GC invocations=45 (full 0):
 garbage-first heap   total 226304K, used 183829K [0x0000000080000000, 0x0000000100000000)
  region size 1024K, 85 young (87040K), 9 survivors (9216K)
 Metaspace       used 93257K, committed 94144K, reserved 557056K
  class space    used 13155K, committed 13568K, reserved 425984K
}
Event: 39.198 GC heap after
{Heap after GC invocations=46 (full 0):
 garbage-first heap   total 226304K, used 117138K [0x0000000080000000, 0x0000000100000000)
  region size 1024K, 11 young (11264K), 11 survivors (11264K)
 Metaspace       used 93257K, committed 94144K, reserved 557056K
  class space    used 13155K, committed 13568K, reserved 425984K
}
Event: 41.191 GC heap before
{Heap before GC invocations=46 (full 0):
 garbage-first heap   total 226304K, used 184722K [0x0000000080000000, 0x0000000100000000)
  region size 1024K, 73 young (74752K), 11 survivors (11264K)
 Metaspace       used 94475K, committed 95488K, reserved 557056K
  class space    used 13310K, committed 13760K, reserved 425984K
}
Event: 41.212 GC heap after
{Heap after GC invocations=47 (full 0):
 garbage-first heap   total 226304K, used 136061K [0x0000000080000000, 0x0000000100000000)
  region size 1024K, 10 young (10240K), 10 survivors (10240K)
 Metaspace       used 94475K, committed 95488K, reserved 557056K
  class space    used 13310K, committed 13760K, reserved 425984K
}
Event: 42.366 GC heap before
{Heap before GC invocations=47 (full 0):
 garbage-first heap   total 226304K, used 187261K [0x0000000080000000, 0x0000000100000000)
  region size 1024K, 58 young (59392K), 10 survivors (10240K)
 Metaspace       used 96096K, committed 97088K, reserved 557056K
  class space    used 13554K, committed 14016K, reserved 425984K
}
Event: 42.386 GC heap after
{Heap after GC invocations=48 (full 0):
 garbage-first heap   total 226304K, used 146944K [0x0000000080000000, 0x0000000100000000)
  region size 1024K, 8 young (8192K), 8 survivors (8192K)
 Metaspace       used 96096K, committed 97088K, reserved 557056K
  class space    used 13554K, committed 14016K, reserved 425984K
}
Event: 43.046 GC heap before
{Heap before GC invocations=48 (full 0):
 garbage-first heap   total 226304K, used 187904K [0x0000000080000000, 0x0000000100000000)
  region size 1024K, 48 young (49152K), 8 survivors (8192K)
 Metaspace       used 98408K, committed 99456K, reserved 557056K
  class space    used 13888K, committed 14400K, reserved 425984K
}
Event: 43.056 GC heap after
{Heap after GC invocations=49 (full 0):
 garbage-first heap   total 226304K, used 149853K [0x0000000080000000, 0x0000000100000000)
  region size 1024K, 3 young (3072K), 3 survivors (3072K)
 Metaspace       used 98408K, committed 99456K, reserved 557056K
  class space    used 13888K, committed 14400K, reserved 425984K
}
Event: 43.537 GC heap before
{Heap before GC invocations=49 (full 0):
 garbage-first heap   total 226304K, used 189789K [0x0000000080000000, 0x0000000100000000)
  region size 1024K, 42 young (43008K), 3 survivors (3072K)
 Metaspace       used 100528K, committed 101632K, reserved 557056K
  class space    used 14196K, committed 14720K, reserved 425984K
}
Event: 43.545 GC heap after
{Heap after GC invocations=50 (full 0):
 garbage-first heap   total 226304K, used 151408K [0x0000000080000000, 0x0000000100000000)
  region size 1024K, 4 young (4096K), 4 survivors (4096K)
 Metaspace       used 100528K, committed 101632K, reserved 557056K
  class space    used 14196K, committed 14720K, reserved 425984K
}
Event: 43.981 GC heap before
{Heap before GC invocations=50 (full 0):
 garbage-first heap   total 226304K, used 191344K [0x0000000080000000, 0x0000000100000000)
  region size 1024K, 43 young (44032K), 4 survivors (4096K)
 Metaspace       used 101720K, committed 102784K, reserved 557056K
  class space    used 14334K, committed 14848K, reserved 425984K
}
Event: 43.996 GC heap after
{Heap after GC invocations=51 (full 0):
 garbage-first heap   total 226304K, used 156017K [0x0000000080000000, 0x0000000100000000)
  region size 1024K, 6 young (6144K), 6 survivors (6144K)
 Metaspace       used 101720K, committed 102784K, reserved 557056K
  class space    used 14334K, committed 14848K, reserved 425984K
}
Event: 44.252 GC heap before
{Heap before GC invocations=51 (full 0):
 garbage-first heap   total 226304K, used 191857K [0x0000000080000000, 0x0000000100000000)
  region size 1024K, 41 young (41984K), 6 survivors (6144K)
 Metaspace       used 101932K, committed 102976K, reserved 557056K
  class space    used 14355K, committed 14848K, reserved 425984K
}
Event: 44.271 GC heap after
{Heap after GC invocations=52 (full 0):
 garbage-first heap   total 353280K, used 162424K [0x0000000080000000, 0x0000000100000000)
  region size 1024K, 6 young (6144K), 6 survivors (6144K)
 Metaspace       used 101932K, committed 102976K, reserved 557056K
  class space    used 14355K, committed 14848K, reserved 425984K
}
Event: 46.297 GC heap before
{Heap before GC invocations=52 (full 0):
 garbage-first heap   total 353280K, used 276088K [0x0000000080000000, 0x0000000100000000)
  region size 1024K, 116 young (118784K), 6 survivors (6144K)
 Metaspace       used 102811K, committed 103936K, reserved 557056K
  class space    used 14444K, committed 14976K, reserved 425984K
}
Event: 46.331 GC heap after
{Heap after GC invocations=53 (full 0):
 garbage-first heap   total 353280K, used 182266K [0x0000000080000000, 0x0000000100000000)
  region size 1024K, 15 young (15360K), 15 survivors (15360K)
 Metaspace       used 102811K, committed 103936K, reserved 557056K
  class space    used 14444K, committed 14976K, reserved 425984K
}
Event: 48.271 GC heap before
{Heap before GC invocations=53 (full 0):
 garbage-first heap   total 353280K, used 280570K [0x0000000080000000, 0x0000000100000000)
  region size 1024K, 109 young (111616K), 15 survivors (15360K)
 Metaspace       used 106944K, committed 108096K, reserved 557056K
  class space    used 15024K, committed 15552K, reserved 425984K
}
Event: 48.302 GC heap after
{Heap after GC invocations=54 (full 0):
 garbage-first heap   total 353280K, used 197936K [0x0000000080000000, 0x0000000100000000)
  region size 1024K, 13 young (13312K), 13 survivors (13312K)
 Metaspace       used 106944K, committed 108096K, reserved 557056K
  class space    used 15024K, committed 15552K, reserved 425984K
}
Event: 49.625 GC heap before
{Heap before GC invocations=54 (full 0):
 garbage-first heap   total 353280K, used 283952K [0x0000000080000000, 0x0000000100000000)
  region size 1024K, 97 young (99328K), 13 survivors (13312K)
 Metaspace       used 108364K, committed 109632K, reserved 557056K
  class space    used 15160K, committed 15744K, reserved 425984K
}
Event: 49.664 GC heap after
{Heap after GC invocations=55 (full 0):
 garbage-first heap   total 353280K, used 209920K [0x0000000080000000, 0x0000000100000000)
  region size 1024K, 12 young (12288K), 12 survivors (12288K)
 Metaspace       used 108364K, committed 109632K, reserved 557056K
  class space    used 15160K, committed 15744K, reserved 425984K
}

